2025-02-21 07:29:18.897 [INFO] - Database ready
2025-02-21 07:30:54.823 [INFO] - Database ready
2025-02-21 07:37:30.757 [INFO] - Database ready
2025-02-21 07:38:52.110 [INFO] - Database ready
2025-02-21 07:40:55.678 [INFO] - Database ready
2025-02-21 07:41:23.172 [INFO] - [handle_l_book][post_start_playback_session_book] OK
2025-02-21 07:41:23.173 [INFO] - [handle_l_book][start_vlc] VLC successfully launched
2025-02-21 07:41:27.142 [INFO] - Database ready
2025-02-21 07:42:38.359 [INFO] - Database ready
2025-02-21 08:23:11.034 [INFO] - Database ready
2025-02-21 08:32:08.611 [INFO] - Database ready
2025-02-21 08:33:47.007 [INFO] - Database ready
2025-02-21 08:35:27.540 [INFO] - Database ready
2025-02-21 08:37:31.682 [INFO] - Database ready
2025-02-21 08:39:21.746 [INFO] - Database ready
2025-02-21 08:46:52.098 [INFO] - Database ready
2025-02-21 09:01:16.621 [INFO] - Database ready
2025-02-21 09:02:45.699 [INFO] - Database ready
2025-02-21 09:03:34.263 [INFO] - Database ready
2025-02-21 09:04:21.365 [INFO] - Database ready
2025-02-21 09:05:53.460 [INFO] - Database ready
2025-02-21 09:06:23.136 [INFO] - Database ready
2025-02-21 09:10:07.358 [INFO] - Database ready
2025-02-21 09:14:15.707 [INFO] - Database ready
2025-02-21 09:15:05.373 [INFO] - [update_id_selected_lib] The library has been updated
2025-02-21 09:16:26.188 [INFO] - Database ready
2025-02-21 09:16:39.142 [INFO] - [delete_user] User 'alban' deleted.
2025-02-21 09:16:55.643 [INFO] - [auth_process] Login successful
2025-02-21 09:17:01.779 [INFO] - [auth_process] Login successful
2025-02-21 09:17:02.676 [INFO] - Database ready
2025-02-21 09:17:18.640 [INFO] - [update_id_selected_lib] The library has been updated
2025-02-21 09:17:24.329 [INFO] - [delete_user] User 'alban' deleted.
2025-02-21 09:17:30.212 [ERROR] - [auth_process] Login failed: error sending request for url (https://audiobook.nuagemagique.duckdns.or/login): error trying to connect: dns error: failed to lookup address information: Name or service not known
2025-02-21 09:17:33.605 [ERROR] - [auth_process] Login failed: Login failed
2025-02-21 09:17:40.405 [INFO] - [auth_process] Login successful
2025-02-21 09:17:41.275 [INFO] - Database ready
2025-02-21 09:18:47.673 [INFO] - Database ready
2025-02-21 09:20:07.112 [INFO] - Database ready
2025-02-21 09:20:22.864 [INFO] - [update_id_selected_lib] The library has been updated
2025-02-21 09:21:28.338 [INFO] - Database ready
2025-02-21 09:21:48.182 [INFO] - [update_id_selected_lib] The library has been updated
2025-02-21 09:24:49.479 [INFO] - Database ready
2025-02-21 09:25:03.747 [INFO] - [update_id_selected_lib] The library has been updated
2025-02-21 09:27:28.874 [INFO] - Database ready
2025-02-21 09:27:41.332 [INFO] - [update_id_selected_lib] The library has been updated
2025-02-21 09:28:08.199 [INFO] - Database ready
2025-02-21 09:43:16.902 [INFO] - [delete_user] User 'alban' deleted.
2025-02-21 09:43:30.729 [INFO] - Login
2025-02-21 09:44:02.915 [INFO] - [auth_process] Login successful
2025-02-21 09:44:03.807 [INFO] - Database ready
2025-02-21 09:50:38.397 [INFO] - Database ready
2025-02-21 09:50:47.761 [INFO] - App successfuly successfully exited
2025-02-21 12:38:03.752 [INFO] - Database ready
2025-02-21 12:40:13.129 [INFO] - Database ready
2025-02-21 12:41:07.171 [INFO] - App successfully quited
2025-02-21 12:41:18.649 [INFO] - Database ready
2025-02-21 12:41:35.167 [INFO] - App successfully quited
2025-02-21 12:42:20.743 [INFO] - Database ready
2025-02-21 12:42:20.744 [INFO] - oBB7X29IdlrKy478ydZysw==
2025-02-21 12:43:00.852 [INFO] - App successfully quited
2025-02-21 12:43:12.839 [INFO] - Database ready
2025-02-21 12:43:12.840 [INFO] - bTDXaIY755nbQdbJgUx/4d5QfCvOCX+se12qrCtqqa4dz+nAgMwniieEjtuPPwEeZlMmbrX0MCoFvNx6UAfR3QMcF0YejWQlHQCHvdiAqWl66W2jxnVWvsXoBpxgGEluWCkwcYE0WNTizdrEalWX+xrLutKsNIdByhrqS5aW7tHV1LAwWnTocFrhSOGFQrvgzwRuXkk68RDTuCBnqxi98LNvf3UdksNX3scOy3Jmdmo74huTvb68S3/35aFKS6/TQ9D5umWj0VLRLIE0eSaXnQ==
2025-02-21 12:44:29.578 [INFO] - App successfully quited
2025-02-21 12:44:30.520 [INFO] - Database ready
2025-02-21 12:44:30.520 [INFO] - bTDXaIY755nbQdbJgUx/4d5QfCvOCX+se12qrCtqqa4dz+nAgMwniieEjtuPPwEeZlMmbrX0MCoFvNx6UAfR3QMcF0YejWQlHQCHvdiAqWl66W2jxnVWvsXoBpxgGEluWCkwcYE0WNTizdrEalWX+xrLutKsNIdByhrqS5aW7tHV1LAwWnTocFrhSOGFQrvgzwRuXkk68RDTuCBnqxi98LNvf3UdksNX3scOy3Jmdmo74huTvb68S3/35aFKS6/TQ9D5umWj0VLRLIE0eSaXnQ==
2025-02-21 12:51:35.059 [INFO] - App successfully quited
2025-02-21 12:51:47.794 [INFO] - Database ready
2025-02-21 12:51:47.795 [INFO] - oBB7X29IdlrKy478ydZysw==
2025-02-21 13:05:52.300 [INFO] - Database ready
2025-02-21 13:05:52.301 [INFO] - oBB7X29IdlrKy478ydZysw==
2025-02-21 13:05:52.301 [INFO] - Failed to decrypt the token.
2025-02-21 13:06:04.679 [INFO] - App successfully quited
2025-02-21 13:08:57.476 [INFO] - Database ready
2025-02-21 13:08:57.476 [INFO] - oBB7X29IdlrKy478ydZysw==
2025-02-21 13:08:57.476 [INFO] - 1234
2025-02-21 13:09:32.312 [INFO] - App successfully quited
2025-02-21 13:09:43.664 [INFO] - Database ready
2025-02-21 13:09:43.664 [INFO] - oBB7X29IdlrKy478ydZysw==
2025-02-21 13:09:43.664 [INFO] - Failed to decrypt the token.
2025-02-21 13:10:26.251 [INFO] - App successfully quited
2025-02-21 13:10:38.820 [INFO] - Database ready
2025-02-21 13:10:38.821 [INFO] - oBB7X29IdlrKy478ydZysw==
2025-02-21 13:10:38.821 [INFO] - Failed to decrypt the token.
2025-02-21 13:11:14.037 [INFO] - App successfully quited
2025-02-21 13:11:25.321 [INFO] - Database ready
2025-02-21 13:11:25.321 [INFO] - oBB7X29IdlrKy478ydZysw==
2025-02-21 13:34:54.763 [INFO] - App successfully quited
2025-02-21 13:35:15.485 [INFO] - Database ready
2025-02-21 13:36:02.629 [INFO] - Database ready
2025-02-21 13:37:20.607 [INFO] - Database ready
2025-02-21 13:46:07.246 [INFO] - Database ready
2025-02-21 13:46:07.246 [ERROR] - No secret found in .env. Do this: echo 'TOUTUI_SECRET_KEY=secret' >> ~/.config/toutui/.env
2025-02-21 14:17:47.259 [INFO] - App successfully quited
2025-02-21 14:17:58.954 [INFO] - Database ready
2025-02-21 14:17:58.954 [ERROR] - No secret found in .env. Do this: echo 'TOUTUI_SECRET_KEY=secret' >> ~/.config/toutui/.env
2025-02-21 14:33:27.096 [INFO] - Database ready
2025-02-21 14:33:27.097 [ERROR] - No secret found in .env. Do this: echo 'TOUTUI_SECRET_KEY=secret' >> ~/.config/toutui/.env
2025-02-21 14:33:27.097 [ERROR] - No secret found in .env. Do this: echo 'TOUTUI_SECRET_KEY=secret' >> ~/.config/toutui/.env
2025-02-21 14:33:41.839 [INFO] - App successfully quited
2025-02-21 14:34:31.793 [INFO] - Database ready
2025-02-21 14:34:31.793 [INFO] - 
2025-02-21 14:35:45.506 [INFO] - Database ready
2025-02-21 14:35:45.507 [INFO] - 
2025-02-21 14:38:04.225 [INFO] - App successfully quited
2025-02-21 14:38:18.211 [INFO] - Database ready
2025-02-21 14:38:18.211 [INFO] - cQweTBozNVMJGwTZ2F1HEQ==
2025-02-21 14:38:18.211 [INFO] - 
2025-02-21 14:39:15.430 [INFO] - Database ready
2025-02-21 14:39:15.430 [INFO] - cQweTBozNVMJGwTZ2F1HEQ==
2025-02-21 14:39:15.430 [INFO] - 1234
2025-02-21 14:39:49.075 [INFO] - App successfully quited
2025-02-21 14:40:00.407 [INFO] - Database ready
2025-02-21 14:40:00.407 [INFO] - cQweTBozNVMJGwTZ2F1HEQ==
2025-02-21 14:40:00.407 [ERROR] - Failed to decrypt the token.
2025-02-21 14:40:37.121 [INFO] - App successfully quited
2025-02-21 14:40:48.993 [INFO] - Database ready
2025-02-21 14:40:48.994 [ERROR] - No secret found in .env. Do this: echo 'TOUTUI_SECRET_KEY=secret' >> ~/.config/toutui/.env
2025-02-21 14:40:48.994 [ERROR] - No secret found in .env. Do this: echo 'TOUTUI_SECRET_KEY=secret' >> ~/.config/toutui/.env
2025-02-21 15:02:18.660 [INFO] - App successfully quited
2025-02-21 15:02:30.491 [INFO] - Database ready
2025-02-21 15:02:30.492 [ERROR] - No secret found in .env. Do this: echo 'TOUTUI_SECRET_KEY=secret' >> ~/.config/toutui/.env
2025-02-21 15:02:30.492 [ERROR] - No secret found in .env. Do this: echo 'TOUTUI_SECRET_KEY=secret' >> ~/.config/toutui/.env
2025-02-21 15:05:33.243 [INFO] - App successfully quited
2025-02-21 15:05:34.636 [INFO] - Database ready
2025-02-21 15:05:34.637 [INFO] - RLyYdFCsWUDrRWoe4Opr0A==
2025-02-21 15:05:34.637 [INFO] - 1234
2025-02-21 15:08:04.186 [INFO] - App successfully quited
2025-02-21 15:08:15.600 [INFO] - Database ready
2025-02-21 15:08:15.600 [ERROR] - No secret found in .env. Do this:

                mkdir -p ~/.config/toutui

                echo 'TOUTUI_SECRET_KEY=secret' >> ~/.config/toutui/.env
2025-02-21 15:08:15.600 [ERROR] - No secret found in .env. Do this: echo 'TOUTUI_SECRET_KEY=secret' >> ~/.config/toutui/.env
